<?xml version="1.0" encoding="UTF-8"?>
<!-- Generated by org.testng.reporters.JUnitReportReporter -->
<testsuite hostname="DESKTOP-JQMCIDH" failures="0" tests="1" name="orangehrm.testcases.TC1_ValidateLogin" time="109.699" errors="0" timestamp="2022-01-21T07:39:34 IST" skipped="0">
  <testcase classname="orangehrm.testcases.TC1_ValidateLogin" name="longintest" time="109.699"/>
  <system-out/>
</testsuite> <!-- orangehrm.testcases.TC1_ValidateLogin -->
